// 重构日志: 1bba5ba4
// 重构日志: c273ee34
// 同步 ID: 7a2d9e0d @ Thu Jun 25 19:06:32 UTC 2026
// 重构日志: 0d5d7bcb
// 重构日志: f0c3abf4
// 重构日志: 994d228b
// 同步 ID: b27afecf @ Sun Jun 28 01:44:46 UTC 2026
// 同步 ID: 5b2018c3 @ Sun Jun 28 16:35:06 UTC 2026
// 同步 ID: 20e30328 @ Sun Jun 28 18:02:35 UTC 2026
// 同步 ID: 514ea59e @ Mon Jun 29 22:34:13 UTC 2026
// 重构日志: 73de06d7
// 同步 ID: 72ae0083 @ Wed Jul  1 07:06:56 UTC 2026
// 重构日志: a20d70b9
// 同步 ID: 3e1d36b5 @ Fri Jul  3 12:14:52 UTC 2026
// 重构日志: 2ba2c19c
// 同步 ID: 991698eb @ Sat Jul  4 11:02:14 UTC 2026
// 重构日志: e73e4127
// 同步 ID: b0b7dff4 @ Sun Jul  5 19:32:37 UTC 2026
// 重构日志: 2176f07d
// 重构日志: ce7ec94c
// 同步 ID: ba100145 @ Mon Jul  6 16:38:48 UTC 2026
// 同步 ID: 906728b0 @ Tue Jul  7 01:47:50 UTC 2026
// 同步 ID: e18fc915 @ Wed Jul  8 13:11:25 UTC 2026
// 同步 ID: 27a12a48 @ Thu Jul  9 11:54:39 UTC 2026
// 重构日志: 04f18a53
// 同步 ID: 5a3cfe33 @ Thu Jul  9 21:54:47 UTC 2026
// 同步 ID: 9c577c3f @ Fri Jul 10 08:53:26 UTC 2026
// 重构日志: 21e830a8
// 重构日志: 33df75f1
// 同步 ID: 73e96377 @ Sat Jul 11 10:51:44 UTC 2026
